/Users/masanobu/.rbenv/versions/2.2.4/bin/ruby -r ./siteconf20161010-47839-v2xr7f.rb extconf.rb
checking for ruby/thread.h... yes
checking for rb_thread_call_without_gvl() in ruby/thread.h... yes
checking for rb_thread_blocking_region()... no
checking for rb_wait_for_single_fd()... yes
checking for rb_hash_dup()... yes
checking for rb_intern3()... yes
-----
Using mysql_config at /usr/local/bin/mysql_config
-----
checking for mysql.h... yes
checking for errmsg.h... yes
checking for mysqld_error.h... yes
-----
Setting rpath to /usr/local/Cellar/mysql56/5.6.31/lib
-----
creating Makefile

make "DESTDIR=" clean

make "DESTDIR="
compiling client.c
compiling infile.c
compiling mysql2_ext.c
compiling result.c
linking shared-object mysql2/mysql2.bundle

make "DESTDIR=" install
/usr/local/bin/ginstall -c -m 0755 mysql2.bundle ./.gem.20161010-47839-gxlwf2/mysql2
